{"/Users/yulek/frontend-project-lvl2/src/buildTree.js": {"path":"/Users/yulek/frontend-project-lvl2/src/buildTree.js","all":false,"statementMap":{"0":{"start":{"line":1,"column":0},"end":{"line":1,"column":23}},"1":{"start":{"line":2,"column":0},"end":{"line":2,"column":0}},"2":{"start":{"line":3,"column":0},"end":{"line":3,"column":35}},"3":{"start":{"line":4,"column":0},"end":{"line":4,"column":34}},"4":{"start":{"line":5,"column":0},"end":{"line":5,"column":34}},"5":{"start":{"line":6,"column":0},"end":{"line":6,"column":37}},"6":{"start":{"line":7,"column":0},"end":{"line":7,"column":44}},"7":{"start":{"line":8,"column":0},"end":{"line":8,"column":40}},"8":{"start":{"line":9,"column":0},"end":{"line":9,"column":29}},"9":{"start":{"line":10,"column":0},"end":{"line":10,"column":29}},"10":{"start":{"line":11,"column":0},"end":{"line":11,"column":61}},"11":{"start":{"line":12,"column":0},"end":{"line":12,"column":14}},"12":{"start":{"line":13,"column":0},"end":{"line":13,"column":12}},"13":{"start":{"line":14,"column":0},"end":{"line":14,"column":23}},"14":{"start":{"line":15,"column":0},"end":{"line":15,"column":44}},"15":{"start":{"line":16,"column":0},"end":{"line":16,"column":8}},"16":{"start":{"line":17,"column":0},"end":{"line":17,"column":5}},"17":{"start":{"line":18,"column":0},"end":{"line":18,"column":84}},"18":{"start":{"line":19,"column":0},"end":{"line":19,"column":86}},"19":{"start":{"line":20,"column":0},"end":{"line":20,"column":80}},"20":{"start":{"line":21,"column":0},"end":{"line":21,"column":12}},"21":{"start":{"line":22,"column":0},"end":{"line":22,"column":60}},"22":{"start":{"line":23,"column":0},"end":{"line":23,"column":6}},"23":{"start":{"line":24,"column":0},"end":{"line":24,"column":5}},"24":{"start":{"line":25,"column":0},"end":{"line":25,"column":15}},"25":{"start":{"line":26,"column":0},"end":{"line":26,"column":2}},"26":{"start":{"line":27,"column":0},"end":{"line":27,"column":0}},"27":{"start":{"line":28,"column":0},"end":{"line":28,"column":25}}},"s":{"0":1,"1":1,"2":1,"3":45,"4":45,"5":45,"6":45,"7":45,"8":162,"9":162,"10":162,"11":36,"12":36,"13":36,"14":36,"15":36,"16":36,"17":162,"18":162,"19":162,"20":36,"21":36,"22":36,"23":45,"24":45,"25":45,"26":1,"27":1},"branchMap":{"0":{"type":"branch","line":3,"loc":{"start":{"line":3,"column":18},"end":{"line":26,"column":2}},"locations":[{"start":{"line":3,"column":18},"end":{"line":26,"column":2}}]},"1":{"type":"branch","line":8,"loc":{"start":{"line":8,"column":31},"end":{"line":24,"column":3}},"locations":[{"start":{"line":8,"column":31},"end":{"line":24,"column":3}}]},"2":{"type":"branch","line":11,"loc":{"start":{"line":11,"column":31},"end":{"line":11,"column":58}},"locations":[{"start":{"line":11,"column":31},"end":{"line":11,"column":58}}]},"3":{"type":"branch","line":11,"loc":{"start":{"line":11,"column":60},"end":{"line":17,"column":5}},"locations":[{"start":{"line":11,"column":60},"end":{"line":17,"column":5}}]},"4":{"type":"branch","line":17,"loc":{"start":{"line":17,"column":4},"end":{"line":18,"column":35}},"locations":[{"start":{"line":17,"column":4},"end":{"line":18,"column":35}}]},"5":{"type":"branch","line":18,"loc":{"start":{"line":18,"column":35},"end":{"line":18,"column":84}},"locations":[{"start":{"line":18,"column":35},"end":{"line":18,"column":84}}]},"6":{"type":"branch","line":18,"loc":{"start":{"line":18,"column":83},"end":{"line":19,"column":35}},"locations":[{"start":{"line":18,"column":83},"end":{"line":19,"column":35}}]},"7":{"type":"branch","line":19,"loc":{"start":{"line":19,"column":35},"end":{"line":19,"column":86}},"locations":[{"start":{"line":19,"column":35},"end":{"line":19,"column":86}}]},"8":{"type":"branch","line":19,"loc":{"start":{"line":19,"column":85},"end":{"line":20,"column":27}},"locations":[{"start":{"line":19,"column":85},"end":{"line":20,"column":27}}]},"9":{"type":"branch","line":20,"loc":{"start":{"line":20,"column":27},"end":{"line":20,"column":80}},"locations":[{"start":{"line":20,"column":27},"end":{"line":20,"column":80}}]},"10":{"type":"branch","line":20,"loc":{"start":{"line":20,"column":79},"end":{"line":24,"column":3}},"locations":[{"start":{"line":20,"column":79},"end":{"line":24,"column":3}}]}},"b":{"0":[45],"1":[162],"2":[54],"3":[36],"4":[126],"5":[45],"6":[81],"7":[18],"8":[63],"9":[27],"10":[36]},"fnMap":{"0":{"name":"buildTree","decl":{"start":{"line":3,"column":18},"end":{"line":26,"column":2}},"loc":{"start":{"line":3,"column":18},"end":{"line":26,"column":2}},"line":3}},"f":{"0":45}}
,"/Users/yulek/frontend-project-lvl2/src/index.js": {"path":"/Users/yulek/frontend-project-lvl2/src/index.js","all":false,"statementMap":{"0":{"start":{"line":1,"column":0},"end":{"line":1,"column":24}},"1":{"start":{"line":2,"column":0},"end":{"line":2,"column":20}},"2":{"start":{"line":3,"column":0},"end":{"line":3,"column":34}},"3":{"start":{"line":4,"column":0},"end":{"line":4,"column":46}},"4":{"start":{"line":5,"column":0},"end":{"line":5,"column":39}},"5":{"start":{"line":6,"column":0},"end":{"line":6,"column":0}},"6":{"start":{"line":7,"column":0},"end":{"line":7,"column":87}},"7":{"start":{"line":8,"column":0},"end":{"line":8,"column":74}},"8":{"start":{"line":9,"column":0},"end":{"line":9,"column":91}},"9":{"start":{"line":10,"column":0},"end":{"line":10,"column":82}},"10":{"start":{"line":11,"column":0},"end":{"line":11,"column":72}},"11":{"start":{"line":12,"column":0},"end":{"line":12,"column":75}},"12":{"start":{"line":13,"column":0},"end":{"line":13,"column":70}},"13":{"start":{"line":14,"column":0},"end":{"line":14,"column":62}},"14":{"start":{"line":15,"column":0},"end":{"line":15,"column":76}},"15":{"start":{"line":16,"column":0},"end":{"line":16,"column":77}},"16":{"start":{"line":17,"column":0},"end":{"line":17,"column":56}},"17":{"start":{"line":18,"column":0},"end":{"line":18,"column":0}},"18":{"start":{"line":19,"column":0},"end":{"line":19,"column":75}},"19":{"start":{"line":20,"column":0},"end":{"line":20,"column":76}},"20":{"start":{"line":21,"column":0},"end":{"line":21,"column":80}},"21":{"start":{"line":22,"column":0},"end":{"line":22,"column":83}},"22":{"start":{"line":23,"column":0},"end":{"line":23,"column":68}},"23":{"start":{"line":24,"column":0},"end":{"line":24,"column":64}},"24":{"start":{"line":25,"column":0},"end":{"line":25,"column":39}},"25":{"start":{"line":26,"column":0},"end":{"line":26,"column":0}},"26":{"start":{"line":27,"column":0},"end":{"line":27,"column":35}},"27":{"start":{"line":28,"column":0},"end":{"line":28,"column":42}},"28":{"start":{"line":29,"column":0},"end":{"line":29,"column":58}},"29":{"start":{"line":30,"column":0},"end":{"line":30,"column":66}},"30":{"start":{"line":31,"column":0},"end":{"line":31,"column":2}},"31":{"start":{"line":32,"column":0},"end":{"line":32,"column":33}},"32":{"start":{"line":33,"column":0},"end":{"line":33,"column":40}},"33":{"start":{"line":34,"column":0},"end":{"line":34,"column":63}},"34":{"start":{"line":35,"column":0},"end":{"line":35,"column":42}},"35":{"start":{"line":36,"column":0},"end":{"line":36,"column":20}},"36":{"start":{"line":37,"column":0},"end":{"line":37,"column":2}},"37":{"start":{"line":38,"column":0},"end":{"line":38,"column":0}},"38":{"start":{"line":39,"column":0},"end":{"line":39,"column":57}},"39":{"start":{"line":40,"column":0},"end":{"line":40,"column":44}},"40":{"start":{"line":41,"column":0},"end":{"line":41,"column":44}},"41":{"start":{"line":42,"column":0},"end":{"line":42,"column":53}},"42":{"start":{"line":43,"column":0},"end":{"line":43,"column":0}},"43":{"start":{"line":44,"column":0},"end":{"line":44,"column":39}},"44":{"start":{"line":45,"column":0},"end":{"line":45,"column":2}},"45":{"start":{"line":46,"column":0},"end":{"line":46,"column":23}}},"s":{"0":1,"1":1,"2":1,"3":1,"4":1,"5":1,"6":1,"7":1,"8":1,"9":1,"10":1,"11":1,"12":1,"13":1,"14":1,"15":1,"16":1,"17":1,"18":1,"19":1,"20":1,"21":1,"22":1,"23":1,"24":1,"25":1,"26":1,"27":18,"28":18,"29":18,"30":18,"31":1,"32":18,"33":18,"34":18,"35":18,"36":18,"37":1,"38":1,"39":9,"40":9,"41":9,"42":9,"43":9,"44":9,"45":1},"branchMap":{"0":{"type":"branch","line":27,"loc":{"start":{"line":27,"column":21},"end":{"line":31,"column":2}},"locations":[{"start":{"line":27,"column":21},"end":{"line":31,"column":2}}]},"1":{"type":"branch","line":32,"loc":{"start":{"line":32,"column":19},"end":{"line":37,"column":2}},"locations":[{"start":{"line":32,"column":19},"end":{"line":37,"column":2}}]},"2":{"type":"branch","line":39,"loc":{"start":{"line":39,"column":16},"end":{"line":45,"column":2}},"locations":[{"start":{"line":39,"column":16},"end":{"line":45,"column":2}}]}},"b":{"0":[18],"1":[18],"2":[9]},"fnMap":{"0":{"name":"getFullPath","decl":{"start":{"line":27,"column":21},"end":{"line":31,"column":2}},"loc":{"start":{"line":27,"column":21},"end":{"line":31,"column":2}},"line":27},"1":{"name":"parseFile","decl":{"start":{"line":32,"column":19},"end":{"line":37,"column":2}},"loc":{"start":{"line":32,"column":19},"end":{"line":37,"column":2}},"line":32},"2":{"name":"genDiff","decl":{"start":{"line":39,"column":16},"end":{"line":45,"column":2}},"loc":{"start":{"line":39,"column":16},"end":{"line":45,"column":2}},"line":39}},"f":{"0":18,"1":18,"2":9}}
,"/Users/yulek/frontend-project-lvl2/src/parsers.js": {"path":"/Users/yulek/frontend-project-lvl2/src/parsers.js","all":false,"statementMap":{"0":{"start":{"line":1,"column":0},"end":{"line":1,"column":27}},"1":{"start":{"line":2,"column":0},"end":{"line":2,"column":0}},"2":{"start":{"line":3,"column":0},"end":{"line":3,"column":34}},"3":{"start":{"line":4,"column":0},"end":{"line":4,"column":19}},"4":{"start":{"line":5,"column":0},"end":{"line":5,"column":16}},"5":{"start":{"line":6,"column":0},"end":{"line":6,"column":29}},"6":{"start":{"line":7,"column":0},"end":{"line":7,"column":15}},"7":{"start":{"line":8,"column":0},"end":{"line":8,"column":29}},"8":{"start":{"line":9,"column":0},"end":{"line":9,"column":16}},"9":{"start":{"line":10,"column":0},"end":{"line":10,"column":30}},"10":{"start":{"line":11,"column":0},"end":{"line":11,"column":12}},"11":{"start":{"line":12,"column":0},"end":{"line":12,"column":46}},"12":{"start":{"line":13,"column":0},"end":{"line":13,"column":3}},"13":{"start":{"line":14,"column":0},"end":{"line":14,"column":2}},"14":{"start":{"line":15,"column":0},"end":{"line":15,"column":0}},"15":{"start":{"line":16,"column":0},"end":{"line":16,"column":22}}},"s":{"0":1,"1":1,"2":1,"3":18,"4":18,"5":4,"6":18,"7":5,"8":18,"9":9,"10":18,"11":0,"12":18,"13":18,"14":1,"15":1},"branchMap":{"0":{"type":"branch","line":3,"loc":{"start":{"line":3,"column":15},"end":{"line":14,"column":2}},"locations":[{"start":{"line":3,"column":15},"end":{"line":14,"column":2}}]},"1":{"type":"branch","line":5,"loc":{"start":{"line":5,"column":4},"end":{"line":6,"column":29}},"locations":[{"start":{"line":5,"column":4},"end":{"line":6,"column":29}}]},"2":{"type":"branch","line":7,"loc":{"start":{"line":7,"column":4},"end":{"line":8,"column":29}},"locations":[{"start":{"line":7,"column":4},"end":{"line":8,"column":29}}]},"3":{"type":"branch","line":9,"loc":{"start":{"line":9,"column":4},"end":{"line":10,"column":30}},"locations":[{"start":{"line":9,"column":4},"end":{"line":10,"column":30}}]},"4":{"type":"branch","line":11,"loc":{"start":{"line":11,"column":4},"end":{"line":12,"column":46}},"locations":[{"start":{"line":11,"column":4},"end":{"line":12,"column":46}}]}},"b":{"0":[18],"1":[4],"2":[5],"3":[9],"4":[0]},"fnMap":{"0":{"name":"parser","decl":{"start":{"line":3,"column":15},"end":{"line":14,"column":2}},"loc":{"start":{"line":3,"column":15},"end":{"line":14,"column":2}},"line":3}},"f":{"0":18}}
,"/Users/yulek/frontend-project-lvl2/src/formatters/index.js": {"path":"/Users/yulek/frontend-project-lvl2/src/formatters/index.js","all":false,"statementMap":{"0":{"start":{"line":1,"column":0},"end":{"line":1,"column":35}},"1":{"start":{"line":2,"column":0},"end":{"line":2,"column":31}},"2":{"start":{"line":3,"column":0},"end":{"line":3,"column":0}},"3":{"start":{"line":4,"column":0},"end":{"line":4,"column":50}},"4":{"start":{"line":5,"column":0},"end":{"line":5,"column":29}},"5":{"start":{"line":6,"column":0},"end":{"line":6,"column":26}},"6":{"start":{"line":7,"column":0},"end":{"line":7,"column":3}},"7":{"start":{"line":8,"column":0},"end":{"line":8,"column":27}},"8":{"start":{"line":9,"column":0},"end":{"line":9,"column":24}},"9":{"start":{"line":10,"column":0},"end":{"line":10,"column":3}},"10":{"start":{"line":11,"column":0},"end":{"line":11,"column":31}},"11":{"start":{"line":12,"column":0},"end":{"line":12,"column":2}},"12":{"start":{"line":13,"column":0},"end":{"line":13,"column":0}},"13":{"start":{"line":14,"column":0},"end":{"line":14,"column":25}}},"s":{"0":1,"1":1,"2":1,"3":1,"4":9,"5":3,"6":3,"7":9,"8":3,"9":3,"10":3,"11":3,"12":1,"13":1},"branchMap":{"0":{"type":"branch","line":4,"loc":{"start":{"line":4,"column":18},"end":{"line":12,"column":2}},"locations":[{"start":{"line":4,"column":18},"end":{"line":12,"column":2}}]},"1":{"type":"branch","line":5,"loc":{"start":{"line":5,"column":28},"end":{"line":7,"column":3}},"locations":[{"start":{"line":5,"column":28},"end":{"line":7,"column":3}}]},"2":{"type":"branch","line":7,"loc":{"start":{"line":7,"column":2},"end":{"line":8,"column":26}},"locations":[{"start":{"line":7,"column":2},"end":{"line":8,"column":26}}]},"3":{"type":"branch","line":8,"loc":{"start":{"line":8,"column":26},"end":{"line":12,"column":2}},"locations":[{"start":{"line":8,"column":26},"end":{"line":12,"column":2}}]}},"b":{"0":[9],"1":[3],"2":[6],"3":[3]},"fnMap":{"0":{"name":"formatter","decl":{"start":{"line":4,"column":18},"end":{"line":12,"column":2}},"loc":{"start":{"line":4,"column":18},"end":{"line":12,"column":2}},"line":4}},"f":{"0":9}}
,"/Users/yulek/frontend-project-lvl2/src/formatters/plain.js": {"path":"/Users/yulek/frontend-project-lvl2/src/formatters/plain.js","all":false,"statementMap":{"0":{"start":{"line":1,"column":0},"end":{"line":1,"column":23}},"1":{"start":{"line":2,"column":0},"end":{"line":2,"column":0}},"2":{"start":{"line":3,"column":0},"end":{"line":3,"column":30}},"3":{"start":{"line":4,"column":0},"end":{"line":4,"column":26}},"4":{"start":{"line":5,"column":0},"end":{"line":5,"column":29}},"5":{"start":{"line":6,"column":0},"end":{"line":6,"column":3}},"6":{"start":{"line":7,"column":0},"end":{"line":7,"column":26}},"7":{"start":{"line":8,"column":0},"end":{"line":8,"column":24}},"8":{"start":{"line":9,"column":0},"end":{"line":9,"column":3}},"9":{"start":{"line":10,"column":0},"end":{"line":10,"column":15}},"10":{"start":{"line":11,"column":0},"end":{"line":11,"column":2}},"11":{"start":{"line":12,"column":0},"end":{"line":12,"column":0}},"12":{"start":{"line":13,"column":0},"end":{"line":13,"column":25}},"13":{"start":{"line":14,"column":0},"end":{"line":14,"column":37}},"14":{"start":{"line":15,"column":0},"end":{"line":15,"column":11}},"15":{"start":{"line":16,"column":0},"end":{"line":16,"column":43}},"16":{"start":{"line":17,"column":0},"end":{"line":17,"column":13}},"17":{"start":{"line":18,"column":0},"end":{"line":18,"column":19}},"18":{"start":{"line":19,"column":0},"end":{"line":19,"column":20}},"19":{"start":{"line":20,"column":0},"end":{"line":20,"column":85}},"20":{"start":{"line":21,"column":0},"end":{"line":21,"column":19}},"21":{"start":{"line":22,"column":0},"end":{"line":22,"column":84}},"22":{"start":{"line":23,"column":0},"end":{"line":23,"column":21}},"23":{"start":{"line":24,"column":0},"end":{"line":24,"column":54}},"24":{"start":{"line":25,"column":0},"end":{"line":25,"column":21}},"25":{"start":{"line":26,"column":0},"end":{"line":26,"column":106}},"26":{"start":{"line":27,"column":0},"end":{"line":27,"column":23}},"27":{"start":{"line":28,"column":0},"end":{"line":28,"column":18}},"28":{"start":{"line":29,"column":0},"end":{"line":29,"column":14}},"29":{"start":{"line":30,"column":0},"end":{"line":30,"column":49}},"30":{"start":{"line":31,"column":0},"end":{"line":31,"column":5}},"31":{"start":{"line":32,"column":0},"end":{"line":32,"column":4}},"32":{"start":{"line":33,"column":0},"end":{"line":33,"column":52}},"33":{"start":{"line":34,"column":0},"end":{"line":34,"column":32}},"34":{"start":{"line":35,"column":0},"end":{"line":35,"column":2}},"35":{"start":{"line":36,"column":0},"end":{"line":36,"column":0}},"36":{"start":{"line":37,"column":0},"end":{"line":37,"column":21}}},"s":{"0":1,"1":1,"2":1,"3":39,"4":9,"5":9,"6":39,"7":21,"8":21,"9":9,"10":9,"11":1,"12":1,"13":3,"14":54,"15":54,"16":54,"17":54,"18":54,"19":12,"20":54,"21":15,"22":54,"23":6,"24":54,"25":12,"26":54,"27":9,"28":54,"29":0,"30":54,"31":3,"32":3,"33":3,"34":3,"35":1,"36":1},"branchMap":{"0":{"type":"branch","line":3,"loc":{"start":{"line":3,"column":19},"end":{"line":11,"column":2}},"locations":[{"start":{"line":3,"column":19},"end":{"line":11,"column":2}}]},"1":{"type":"branch","line":4,"loc":{"start":{"line":4,"column":25},"end":{"line":6,"column":3}},"locations":[{"start":{"line":4,"column":25},"end":{"line":6,"column":3}}]},"2":{"type":"branch","line":6,"loc":{"start":{"line":6,"column":2},"end":{"line":7,"column":25}},"locations":[{"start":{"line":6,"column":2},"end":{"line":7,"column":25}}]},"3":{"type":"branch","line":7,"loc":{"start":{"line":7,"column":25},"end":{"line":9,"column":3}},"locations":[{"start":{"line":7,"column":25},"end":{"line":9,"column":3}}]},"4":{"type":"branch","line":9,"loc":{"start":{"line":9,"column":2},"end":{"line":11,"column":2}},"locations":[{"start":{"line":9,"column":2},"end":{"line":11,"column":2}}]},"5":{"type":"branch","line":13,"loc":{"start":{"line":13,"column":15},"end":{"line":35,"column":2}},"locations":[{"start":{"line":13,"column":15},"end":{"line":35,"column":2}}]},"6":{"type":"branch","line":14,"loc":{"start":{"line":14,"column":15},"end":{"line":32,"column":3}},"locations":[{"start":{"line":14,"column":15},"end":{"line":32,"column":3}}]},"7":{"type":"branch","line":19,"loc":{"start":{"line":19,"column":6},"end":{"line":20,"column":85}},"locations":[{"start":{"line":19,"column":6},"end":{"line":20,"column":85}}]},"8":{"type":"branch","line":21,"loc":{"start":{"line":21,"column":6},"end":{"line":22,"column":84}},"locations":[{"start":{"line":21,"column":6},"end":{"line":22,"column":84}}]},"9":{"type":"branch","line":23,"loc":{"start":{"line":23,"column":6},"end":{"line":24,"column":54}},"locations":[{"start":{"line":23,"column":6},"end":{"line":24,"column":54}}]},"10":{"type":"branch","line":25,"loc":{"start":{"line":25,"column":6},"end":{"line":26,"column":106}},"locations":[{"start":{"line":25,"column":6},"end":{"line":26,"column":106}}]},"11":{"type":"branch","line":27,"loc":{"start":{"line":27,"column":6},"end":{"line":28,"column":18}},"locations":[{"start":{"line":27,"column":6},"end":{"line":28,"column":18}}]},"12":{"type":"branch","line":29,"loc":{"start":{"line":29,"column":6},"end":{"line":30,"column":49}},"locations":[{"start":{"line":29,"column":6},"end":{"line":30,"column":49}}]},"13":{"type":"branch","line":20,"loc":{"start":{"line":20,"column":33},"end":{"line":20,"column":72}},"locations":[{"start":{"line":20,"column":33},"end":{"line":20,"column":72}}]},"14":{"type":"branch","line":33,"loc":{"start":{"line":33,"column":31},"end":{"line":33,"column":50}},"locations":[{"start":{"line":33,"column":31},"end":{"line":33,"column":50}}]}},"b":{"0":[39],"1":[9],"2":[30],"3":[21],"4":[9],"5":[3],"6":[54],"7":[12],"8":[15],"9":[6],"10":[12],"11":[9],"12":[0],"13":[42],"14":[12]},"fnMap":{"0":{"name":"stringify","decl":{"start":{"line":3,"column":19},"end":{"line":11,"column":2}},"loc":{"start":{"line":3,"column":19},"end":{"line":11,"column":2}},"line":3},"1":{"name":"plain","decl":{"start":{"line":13,"column":15},"end":{"line":35,"column":2}},"loc":{"start":{"line":13,"column":15},"end":{"line":35,"column":2}},"line":13},"2":{"name":"iter","decl":{"start":{"line":14,"column":15},"end":{"line":32,"column":3}},"loc":{"start":{"line":14,"column":15},"end":{"line":32,"column":3}},"line":14}},"f":{"0":39,"1":3,"2":54}}
,"/Users/yulek/frontend-project-lvl2/src/formatters/stylish.js": {"path":"/Users/yulek/frontend-project-lvl2/src/formatters/stylish.js","all":false,"statementMap":{"0":{"start":{"line":1,"column":0},"end":{"line":1,"column":23}},"1":{"start":{"line":2,"column":0},"end":{"line":2,"column":0}},"2":{"start":{"line":3,"column":0},"end":{"line":3,"column":31}},"3":{"start":{"line":4,"column":0},"end":{"line":4,"column":18}},"4":{"start":{"line":5,"column":0},"end":{"line":5,"column":35}},"5":{"start":{"line":6,"column":0},"end":{"line":6,"column":2}},"6":{"start":{"line":7,"column":0},"end":{"line":7,"column":0}},"7":{"start":{"line":8,"column":0},"end":{"line":8,"column":41}},"8":{"start":{"line":9,"column":0},"end":{"line":9,"column":27}},"9":{"start":{"line":10,"column":0},"end":{"line":10,"column":17}},"10":{"start":{"line":11,"column":0},"end":{"line":11,"column":3}},"11":{"start":{"line":12,"column":0},"end":{"line":12,"column":39}},"12":{"start":{"line":13,"column":0},"end":{"line":13,"column":114}},"13":{"start":{"line":14,"column":0},"end":{"line":14,"column":61}},"14":{"start":{"line":15,"column":0},"end":{"line":15,"column":2}},"15":{"start":{"line":16,"column":0},"end":{"line":16,"column":0}},"16":{"start":{"line":17,"column":0},"end":{"line":17,"column":27}},"17":{"start":{"line":18,"column":0},"end":{"line":18,"column":19}},"18":{"start":{"line":19,"column":0},"end":{"line":19,"column":19}},"19":{"start":{"line":20,"column":0},"end":{"line":20,"column":17}},"20":{"start":{"line":21,"column":0},"end":{"line":21,"column":15}},"21":{"start":{"line":22,"column":0},"end":{"line":22,"column":4}},"22":{"start":{"line":23,"column":0},"end":{"line":23,"column":37}},"23":{"start":{"line":24,"column":0},"end":{"line":24,"column":11}},"24":{"start":{"line":25,"column":0},"end":{"line":25,"column":43}},"25":{"start":{"line":26,"column":0},"end":{"line":26,"column":13}},"26":{"start":{"line":27,"column":0},"end":{"line":27,"column":19}},"27":{"start":{"line":28,"column":0},"end":{"line":28,"column":23}},"28":{"start":{"line":29,"column":0},"end":{"line":29,"column":89}},"29":{"start":{"line":30,"column":0},"end":{"line":30,"column":19}},"30":{"start":{"line":31,"column":0},"end":{"line":31,"column":89}},"31":{"start":{"line":32,"column":0},"end":{"line":32,"column":21}},"32":{"start":{"line":33,"column":0},"end":{"line":33,"column":89}},"33":{"start":{"line":34,"column":0},"end":{"line":34,"column":21}},"34":{"start":{"line":35,"column":0},"end":{"line":35,"column":16}},"35":{"start":{"line":36,"column":0},"end":{"line":36,"column":89}},"36":{"start":{"line":37,"column":0},"end":{"line":37,"column":84}},"37":{"start":{"line":38,"column":0},"end":{"line":38,"column":10}},"38":{"start":{"line":39,"column":0},"end":{"line":39,"column":20}},"39":{"start":{"line":40,"column":0},"end":{"line":40,"column":141}},"40":{"start":{"line":41,"column":0},"end":{"line":41,"column":14}},"41":{"start":{"line":42,"column":0},"end":{"line":42,"column":49}},"42":{"start":{"line":43,"column":0},"end":{"line":43,"column":5}},"43":{"start":{"line":44,"column":0},"end":{"line":44,"column":4}},"44":{"start":{"line":45,"column":0},"end":{"line":45,"column":52}},"45":{"start":{"line":46,"column":0},"end":{"line":46,"column":38}},"46":{"start":{"line":47,"column":0},"end":{"line":47,"column":2}},"47":{"start":{"line":48,"column":0},"end":{"line":48,"column":0}},"48":{"start":{"line":49,"column":0},"end":{"line":49,"column":23}}},"s":{"0":1,"1":1,"2":1,"3":126,"4":126,"5":126,"6":1,"7":1,"8":81,"9":60,"10":60,"11":21,"12":21,"13":21,"14":21,"15":1,"16":1,"17":3,"18":3,"19":3,"20":3,"21":3,"22":3,"23":54,"24":54,"25":54,"26":54,"27":54,"28":9,"29":54,"30":15,"31":54,"32":6,"33":54,"34":12,"35":12,"36":12,"37":12,"38":54,"39":12,"40":54,"41":0,"42":54,"43":3,"44":3,"45":3,"46":3,"47":1,"48":1},"branchMap":{"0":{"type":"branch","line":3,"loc":{"start":{"line":3,"column":20},"end":{"line":6,"column":2}},"locations":[{"start":{"line":3,"column":20},"end":{"line":6,"column":2}}]},"1":{"type":"branch","line":8,"loc":{"start":{"line":8,"column":18},"end":{"line":15,"column":2}},"locations":[{"start":{"line":8,"column":18},"end":{"line":15,"column":2}}]},"2":{"type":"branch","line":9,"loc":{"start":{"line":9,"column":26},"end":{"line":11,"column":3}},"locations":[{"start":{"line":9,"column":26},"end":{"line":11,"column":3}}]},"3":{"type":"branch","line":11,"loc":{"start":{"line":11,"column":2},"end":{"line":15,"column":2}},"locations":[{"start":{"line":11,"column":2},"end":{"line":15,"column":2}}]},"4":{"type":"branch","line":13,"loc":{"start":{"line":13,"column":33},"end":{"line":13,"column":112}},"locations":[{"start":{"line":13,"column":33},"end":{"line":13,"column":112}}]},"5":{"type":"branch","line":17,"loc":{"start":{"line":17,"column":17},"end":{"line":47,"column":2}},"locations":[{"start":{"line":17,"column":17},"end":{"line":47,"column":2}}]},"6":{"type":"branch","line":23,"loc":{"start":{"line":23,"column":15},"end":{"line":44,"column":3}},"locations":[{"start":{"line":23,"column":15},"end":{"line":44,"column":3}}]},"7":{"type":"branch","line":28,"loc":{"start":{"line":28,"column":6},"end":{"line":29,"column":89}},"locations":[{"start":{"line":28,"column":6},"end":{"line":29,"column":89}}]},"8":{"type":"branch","line":30,"loc":{"start":{"line":30,"column":6},"end":{"line":31,"column":89}},"locations":[{"start":{"line":30,"column":6},"end":{"line":31,"column":89}}]},"9":{"type":"branch","line":32,"loc":{"start":{"line":32,"column":6},"end":{"line":33,"column":89}},"locations":[{"start":{"line":32,"column":6},"end":{"line":33,"column":89}}]},"10":{"type":"branch","line":34,"loc":{"start":{"line":34,"column":6},"end":{"line":38,"column":10}},"locations":[{"start":{"line":34,"column":6},"end":{"line":38,"column":10}}]},"11":{"type":"branch","line":39,"loc":{"start":{"line":39,"column":6},"end":{"line":40,"column":141}},"locations":[{"start":{"line":39,"column":6},"end":{"line":40,"column":141}}]},"12":{"type":"branch","line":41,"loc":{"start":{"line":41,"column":6},"end":{"line":42,"column":49}},"locations":[{"start":{"line":41,"column":6},"end":{"line":42,"column":49}}]},"13":{"type":"branch","line":40,"loc":{"start":{"line":40,"column":69},"end":{"line":40,"column":101}},"locations":[{"start":{"line":40,"column":69},"end":{"line":40,"column":101}}]},"14":{"type":"branch","line":45,"loc":{"start":{"line":45,"column":31},"end":{"line":45,"column":50}},"locations":[{"start":{"line":45,"column":31},"end":{"line":45,"column":50}}]}},"b":{"0":[126],"1":[81],"2":[60],"3":[21],"4":[27],"5":[3],"6":[54],"7":[9],"8":[15],"9":[6],"10":[12],"11":[12],"12":[0],"13":[42],"14":[12]},"fnMap":{"0":{"name":"makeIndent","decl":{"start":{"line":3,"column":20},"end":{"line":6,"column":2}},"loc":{"start":{"line":3,"column":20},"end":{"line":6,"column":2}},"line":3},"1":{"name":"stringify","decl":{"start":{"line":8,"column":18},"end":{"line":15,"column":2}},"loc":{"start":{"line":8,"column":18},"end":{"line":15,"column":2}},"line":8},"2":{"name":"stylish","decl":{"start":{"line":17,"column":17},"end":{"line":47,"column":2}},"loc":{"start":{"line":17,"column":17},"end":{"line":47,"column":2}},"line":17},"3":{"name":"iter","decl":{"start":{"line":23,"column":15},"end":{"line":44,"column":3}},"loc":{"start":{"line":23,"column":15},"end":{"line":44,"column":3}},"line":23}},"f":{"0":126,"1":81,"2":3,"3":54}}
}
