TN:
SF:src/buildTree.js
FN:3,buildTree
FNF:1
FNH:1
FNDA:45,buildTree
DA:1,1
DA:2,1
DA:3,1
DA:4,45
DA:5,45
DA:6,45
DA:7,45
DA:8,45
DA:9,162
DA:10,162
DA:11,162
DA:12,36
DA:13,36
DA:14,36
DA:15,36
DA:16,36
DA:17,36
DA:18,162
DA:19,162
DA:20,162
DA:21,36
DA:22,36
DA:23,36
DA:24,45
DA:25,45
DA:26,45
DA:27,1
DA:28,1
LF:28
LH:28
BRDA:3,0,0,45
BRDA:8,1,0,162
BRDA:11,2,0,54
BRDA:11,3,0,36
BRDA:17,4,0,126
BRDA:18,5,0,45
BRDA:18,6,0,81
BRDA:19,7,0,18
BRDA:19,8,0,63
BRDA:20,9,0,27
BRDA:20,10,0,36
BRF:11
BRH:11
end_of_record
TN:
SF:src/index.js
FN:27,getFullPath
FN:32,parseFile
FN:39,genDiff
FNF:3
FNH:3
FNDA:18,getFullPath
FNDA:18,parseFile
FNDA:9,genDiff
DA:1,1
DA:2,1
DA:3,1
DA:4,1
DA:5,1
DA:6,1
DA:7,1
DA:8,1
DA:9,1
DA:10,1
DA:11,1
DA:12,1
DA:13,1
DA:14,1
DA:15,1
DA:16,1
DA:17,1
DA:18,1
DA:19,1
DA:20,1
DA:21,1
DA:22,1
DA:23,1
DA:24,1
DA:25,1
DA:26,1
DA:27,1
DA:28,18
DA:29,18
DA:30,18
DA:31,18
DA:32,1
DA:33,18
DA:34,18
DA:35,18
DA:36,18
DA:37,18
DA:38,1
DA:39,1
DA:40,9
DA:41,9
DA:42,9
DA:43,9
DA:44,9
DA:45,9
DA:46,1
LF:46
LH:46
BRDA:27,0,0,18
BRDA:32,1,0,18
BRDA:39,2,0,9
BRF:3
BRH:3
end_of_record
TN:
SF:src/parsers.js
FN:3,parser
FNF:1
FNH:1
FNDA:18,parser
DA:1,1
DA:2,1
DA:3,1
DA:4,18
DA:5,18
DA:6,4
DA:7,18
DA:8,5
DA:9,18
DA:10,9
DA:11,18
DA:12,0
DA:13,18
DA:14,18
DA:15,1
DA:16,1
LF:16
LH:15
BRDA:3,0,0,18
BRDA:5,1,0,4
BRDA:7,2,0,5
BRDA:9,3,0,9
BRDA:11,4,0,0
BRF:5
BRH:4
end_of_record
TN:
SF:src/formatters/index.js
FN:4,formatter
FNF:1
FNH:1
FNDA:9,formatter
DA:1,1
DA:2,1
DA:3,1
DA:4,1
DA:5,9
DA:6,3
DA:7,3
DA:8,9
DA:9,3
DA:10,3
DA:11,3
DA:12,3
DA:13,1
DA:14,1
LF:14
LH:14
BRDA:4,0,0,9
BRDA:5,1,0,3
BRDA:7,2,0,6
BRDA:8,3,0,3
BRF:4
BRH:4
end_of_record
TN:
SF:src/formatters/plain.js
FN:3,stringify
FN:13,plain
FN:14,iter
FNF:3
FNH:3
FNDA:39,stringify
FNDA:3,plain
FNDA:54,iter
DA:1,1
DA:2,1
DA:3,1
DA:4,39
DA:5,9
DA:6,9
DA:7,39
DA:8,21
DA:9,21
DA:10,9
DA:11,9
DA:12,1
DA:13,1
DA:14,3
DA:15,54
DA:16,54
DA:17,54
DA:18,54
DA:19,54
DA:20,12
DA:21,54
DA:22,15
DA:23,54
DA:24,6
DA:25,54
DA:26,12
DA:27,54
DA:28,9
DA:29,54
DA:30,0
DA:31,54
DA:32,3
DA:33,3
DA:34,3
DA:35,3
DA:36,1
DA:37,1
LF:37
LH:36
BRDA:3,0,0,39
BRDA:4,1,0,9
BRDA:6,2,0,30
BRDA:7,3,0,21
BRDA:9,4,0,9
BRDA:13,5,0,3
BRDA:14,6,0,54
BRDA:19,7,0,12
BRDA:21,8,0,15
BRDA:23,9,0,6
BRDA:25,10,0,12
BRDA:27,11,0,9
BRDA:29,12,0,0
BRDA:20,13,0,42
BRDA:33,14,0,12
BRF:15
BRH:14
end_of_record
TN:
SF:src/formatters/stylish.js
FN:3,makeIndent
FN:8,stringify
FN:17,stylish
FN:23,iter
FNF:4
FNH:4
FNDA:126,makeIndent
FNDA:81,stringify
FNDA:3,stylish
FNDA:54,iter
DA:1,1
DA:2,1
DA:3,1
DA:4,126
DA:5,126
DA:6,126
DA:7,1
DA:8,1
DA:9,81
DA:10,60
DA:11,60
DA:12,21
DA:13,21
DA:14,21
DA:15,21
DA:16,1
DA:17,1
DA:18,3
DA:19,3
DA:20,3
DA:21,3
DA:22,3
DA:23,3
DA:24,54
DA:25,54
DA:26,54
DA:27,54
DA:28,54
DA:29,9
DA:30,54
DA:31,15
DA:32,54
DA:33,6
DA:34,54
DA:35,12
DA:36,12
DA:37,12
DA:38,12
DA:39,54
DA:40,12
DA:41,54
DA:42,0
DA:43,54
DA:44,3
DA:45,3
DA:46,3
DA:47,3
DA:48,1
DA:49,1
LF:49
LH:48
BRDA:3,0,0,126
BRDA:8,1,0,81
BRDA:9,2,0,60
BRDA:11,3,0,21
BRDA:13,4,0,27
BRDA:17,5,0,3
BRDA:23,6,0,54
BRDA:28,7,0,9
BRDA:30,8,0,15
BRDA:32,9,0,6
BRDA:34,10,0,12
BRDA:39,11,0,12
BRDA:41,12,0,0
BRDA:40,13,0,42
BRDA:45,14,0,12
BRF:15
BRH:14
end_of_record
